<?xml version="1.0" encoding="UTF-8"?>
<testng-results skipped="0" failed="4" ignored="0" total="4" passed="0">
  <reporter-output>
  </reporter-output>
  <suite name="Default suite" duration-ms="634" started-at="2020-05-05T15:24:01 COT" finished-at="2020-05-05T15:24:01 COT">
    <groups>
      <group name="cucumber">
        <method signature="AbstractTestNGCucumberTests.runScenario(io.cucumber.testng.PickleWrapper, io.cucumber.testng.FeatureWrapper)[pri:0, instance:runners.TestRunner@23faf8f2]" name="runScenario" class="io.cucumber.testng.AbstractTestNGCucumberTests"/>
      </group> <!-- cucumber -->
    </groups>
    <test name="Default test" duration-ms="634" started-at="2020-05-05T15:24:01 COT" finished-at="2020-05-05T15:24:01 COT">
      <class name="runners.TestRunner">
        <test-method status="PASS" signature="setUpClass()[pri:0, instance:runners.TestRunner@23faf8f2]" name="setUpClass" is-config="true" duration-ms="82" started-at="2020-05-05T15:24:01 COT" finished-at="2020-05-05T15:24:01 COT">
          <reporter-output>
          </reporter-output>
        </test-method> <!-- setUpClass -->
        <test-method status="FAIL" signature="runScenario(io.cucumber.testng.PickleWrapper, io.cucumber.testng.FeatureWrapper)[pri:0, instance:runners.TestRunner@23faf8f2]" name="runScenario" duration-ms="420" started-at="2020-05-05T15:24:01 COT" description="Runs Cucumber Scenarios" data-provider="scenarios" finished-at="2020-05-05T15:24:01 COT">
          <params>
            <param index="0">
              <value>
                <![CDATA["Login with incorrect credentials"]]>
              </value>
            </param>
            <param index="1">
              <value>
                <![CDATA["As a QA Academy user"]]>
              </value>
            </param>
          </params>
          <exception class="java.lang.NullPointerException">
            <full-stacktrace>
              <![CDATA[java.lang.NullPointerException
at java.util.Objects.requireNonNull(Unknown Source)
at org.openqa.selenium.support.ui.FluentWait.<init>(FluentWait.java:106)
at org.openqa.selenium.support.ui.WebDriverWait.<init>(WebDriverWait.java:85)
at org.openqa.selenium.support.ui.WebDriverWait.<init>(WebDriverWait.java:45)
at Helpers.GenericHelper.WaitForElement(GenericHelper.java:15)
at Helpers.GenericHelper.FindElement(GenericHelper.java:27)
at Helpers.ButtonHelper.ClickButton(ButtonHelper.java:10)
at pageObjects.HomePage.ClickLogin(HomePage.java:29)
at stepDefinitions.StepDefinition.i_am_in_the_login_page(StepDefinition.java:27)
at ✽.I am in the login page(file:///C:/Users/marroyave/Documents/Frameworks/E2ECucumberFramework/FrameworkCucumber/src/test/java/appFeatures/LoginTests.feature:6)
]]>
            </full-stacktrace>
          </exception> <!-- java.lang.NullPointerException -->
          <reporter-output>
          </reporter-output>
        </test-method> <!-- runScenario -->
        <test-method status="FAIL" signature="runScenario(io.cucumber.testng.PickleWrapper, io.cucumber.testng.FeatureWrapper)[pri:0, instance:runners.TestRunner@23faf8f2]" name="runScenario" duration-ms="3" started-at="2020-05-05T15:24:01 COT" description="Runs Cucumber Scenarios" data-provider="scenarios" finished-at="2020-05-05T15:24:01 COT">
          <params>
            <param index="0">
              <value>
                <![CDATA["Login with incorrect credentials"]]>
              </value>
            </param>
            <param index="1">
              <value>
                <![CDATA["As a QA Academy user"]]>
              </value>
            </param>
          </params>
          <exception class="java.lang.NullPointerException">
            <full-stacktrace>
              <![CDATA[java.lang.NullPointerException
at java.util.Objects.requireNonNull(Unknown Source)
at org.openqa.selenium.support.ui.FluentWait.<init>(FluentWait.java:106)
at org.openqa.selenium.support.ui.WebDriverWait.<init>(WebDriverWait.java:85)
at org.openqa.selenium.support.ui.WebDriverWait.<init>(WebDriverWait.java:45)
at Helpers.GenericHelper.WaitForElement(GenericHelper.java:15)
at Helpers.GenericHelper.FindElement(GenericHelper.java:27)
at Helpers.ButtonHelper.ClickButton(ButtonHelper.java:10)
at pageObjects.HomePage.ClickLogin(HomePage.java:29)
at stepDefinitions.StepDefinition.i_am_in_the_login_page(StepDefinition.java:27)
at ✽.I am in the login page(file:///C:/Users/marroyave/Documents/Frameworks/E2ECucumberFramework/FrameworkCucumber/src/test/java/appFeatures/LoginTests.feature:6)
]]>
            </full-stacktrace>
          </exception> <!-- java.lang.NullPointerException -->
          <reporter-output>
          </reporter-output>
        </test-method> <!-- runScenario -->
        <test-method status="FAIL" signature="runScenario(io.cucumber.testng.PickleWrapper, io.cucumber.testng.FeatureWrapper)[pri:0, instance:runners.TestRunner@23faf8f2]" name="runScenario" duration-ms="3" started-at="2020-05-05T15:24:01 COT" description="Runs Cucumber Scenarios" data-provider="scenarios" finished-at="2020-05-05T15:24:01 COT">
          <params>
            <param index="0">
              <value>
                <![CDATA["Login without username"]]>
              </value>
            </param>
            <param index="1">
              <value>
                <![CDATA["As a QA Academy user"]]>
              </value>
            </param>
          </params>
          <exception class="java.lang.NullPointerException">
            <full-stacktrace>
              <![CDATA[java.lang.NullPointerException
at java.util.Objects.requireNonNull(Unknown Source)
at org.openqa.selenium.support.ui.FluentWait.<init>(FluentWait.java:106)
at org.openqa.selenium.support.ui.WebDriverWait.<init>(WebDriverWait.java:85)
at org.openqa.selenium.support.ui.WebDriverWait.<init>(WebDriverWait.java:45)
at Helpers.GenericHelper.WaitForElement(GenericHelper.java:15)
at Helpers.GenericHelper.FindElement(GenericHelper.java:27)
at Helpers.ButtonHelper.ClickButton(ButtonHelper.java:10)
at pageObjects.HomePage.ClickLogin(HomePage.java:29)
at stepDefinitions.StepDefinition.i_am_in_the_login_page(StepDefinition.java:27)
at ✽.I am in the login page(file:///C:/Users/marroyave/Documents/Frameworks/E2ECucumberFramework/FrameworkCucumber/src/test/java/appFeatures/LoginTests.feature:19)
]]>
            </full-stacktrace>
          </exception> <!-- java.lang.NullPointerException -->
          <reporter-output>
          </reporter-output>
        </test-method> <!-- runScenario -->
        <test-method status="FAIL" signature="runScenario(io.cucumber.testng.PickleWrapper, io.cucumber.testng.FeatureWrapper)[pri:0, instance:runners.TestRunner@23faf8f2]" name="runScenario" duration-ms="2" started-at="2020-05-05T15:24:01 COT" description="Runs Cucumber Scenarios" data-provider="scenarios" finished-at="2020-05-05T15:24:01 COT">
          <params>
            <param index="0">
              <value>
                <![CDATA["Login without password"]]>
              </value>
            </param>
            <param index="1">
              <value>
                <![CDATA["As a QA Academy user"]]>
              </value>
            </param>
          </params>
          <exception class="java.lang.NullPointerException">
            <full-stacktrace>
              <![CDATA[java.lang.NullPointerException
at java.util.Objects.requireNonNull(Unknown Source)
at org.openqa.selenium.support.ui.FluentWait.<init>(FluentWait.java:106)
at org.openqa.selenium.support.ui.WebDriverWait.<init>(WebDriverWait.java:85)
at org.openqa.selenium.support.ui.WebDriverWait.<init>(WebDriverWait.java:45)
at Helpers.GenericHelper.WaitForElement(GenericHelper.java:15)
at Helpers.GenericHelper.FindElement(GenericHelper.java:27)
at Helpers.ButtonHelper.ClickButton(ButtonHelper.java:10)
at pageObjects.HomePage.ClickLogin(HomePage.java:29)
at stepDefinitions.StepDefinition.i_am_in_the_login_page(StepDefinition.java:27)
at ✽.I am in the login page(file:///C:/Users/marroyave/Documents/Frameworks/E2ECucumberFramework/FrameworkCucumber/src/test/java/appFeatures/LoginTests.feature:25)
]]>
            </full-stacktrace>
          </exception> <!-- java.lang.NullPointerException -->
          <reporter-output>
          </reporter-output>
        </test-method> <!-- runScenario -->
        <test-method status="PASS" signature="tearDownClass()[pri:0, instance:runners.TestRunner@23faf8f2]" name="tearDownClass" is-config="true" duration-ms="3" started-at="2020-05-05T15:24:01 COT" finished-at="2020-05-05T15:24:01 COT">
          <reporter-output>
          </reporter-output>
        </test-method> <!-- tearDownClass -->
      </class> <!-- runners.TestRunner -->
    </test> <!-- Default test -->
  </suite> <!-- Default suite -->
</testng-results>
